block in append_cflags: checking for whether -I/data/cool/projects/coinhub/rbsecp256k1/tmp/x86_64-linux/rbsecp256k1/2.7.2/ports/x86_64-linux-gnu/libsecp256k1/0.0.0/include is accepted as CFLAGS... -------------------- yes

"gcc -o conftest -I/home/user/.rvm/rubies/ruby-2.7.2/include/ruby-2.7.0/x86_64-linux -I/home/user/.rvm/rubies/ruby-2.7.2/include/ruby-2.7.0/ruby/backward -I/home/user/.rvm/rubies/ruby-2.7.2/include/ruby-2.7.0 -I../../../../ext/rbsecp256k1    -O3 -ggdb3 -Wall -Wextra -Wdeprecated-declarations -Wduplicated-cond -Wimplicit-function-declaration -Wimplicit-int -Wmisleading-indentation -Wpointer-arith -Wwrite-strings -Wimplicit-fallthrough=0 -Wmissing-noreturn -Wno-cast-function-type -Wno-constant-logical-operand -Wno-long-long -Wno-missing-field-initializers -Wno-overlength-strings -Wno-packed-bitfield-compat -Wno-parentheses-equality -Wno-self-assign -Wno-tautological-compare -Wno-unused-parameter -Wno-unused-value -Wsuggest-attribute=format -Wsuggest-attribute=noreturn -Wunused-variable  -fPIC conftest.c  -L. -L/home/user/.rvm/rubies/ruby-2.7.2/lib -Wl,-rpath,/home/user/.rvm/rubies/ruby-2.7.2/lib -L. -fstack-protector-strong -rdynamic -Wl,-export-dynamic     -Wl,-rpath,/home/user/.rvm/rubies/ruby-2.7.2/lib -L/home/user/.rvm/rubies/ruby-2.7.2/lib -lruby  -lm   -lc"
checked program was:
/* begin */
1: #include "ruby.h"
2: 
3: int main(int argc, char **argv)
4: {
5:   return !!argv[argc];
6: }
/* end */

"gcc -I/home/user/.rvm/rubies/ruby-2.7.2/include/ruby-2.7.0/x86_64-linux -I/home/user/.rvm/rubies/ruby-2.7.2/include/ruby-2.7.0/ruby/backward -I/home/user/.rvm/rubies/ruby-2.7.2/include/ruby-2.7.0 -I../../../../ext/rbsecp256k1    -O3 -ggdb3 -Wall -Wextra -Wdeprecated-declarations -Wduplicated-cond -Wimplicit-function-declaration -Wimplicit-int -Wmisleading-indentation -Wpointer-arith -Wwrite-strings -Wimplicit-fallthrough=0 -Wmissing-noreturn -Wno-cast-function-type -Wno-constant-logical-operand -Wno-long-long -Wno-missing-field-initializers -Wno-overlength-strings -Wno-packed-bitfield-compat -Wno-parentheses-equality -Wno-self-assign -Wno-tautological-compare -Wno-unused-parameter -Wno-unused-value -Wsuggest-attribute=format -Wsuggest-attribute=noreturn -Wunused-variable  -fPIC  -I/data/cool/projects/coinhub/rbsecp256k1/tmp/x86_64-linux/rbsecp256k1/2.7.2/ports/x86_64-linux-gnu/libsecp256k1/0.0.0/include -Werror -c conftest.c"
checked program was:
/* begin */
1: #include "ruby.h"
2: 
3: int main(int argc, char **argv)
4: {
5:   return !!argv[argc];
6: }
/* end */

--------------------

block in append_cflags: checking for whether -fPIC is accepted as CFLAGS... -------------------- yes

"gcc -I/home/user/.rvm/rubies/ruby-2.7.2/include/ruby-2.7.0/x86_64-linux -I/home/user/.rvm/rubies/ruby-2.7.2/include/ruby-2.7.0/ruby/backward -I/home/user/.rvm/rubies/ruby-2.7.2/include/ruby-2.7.0 -I../../../../ext/rbsecp256k1    -O3 -ggdb3 -Wall -Wextra -Wdeprecated-declarations -Wduplicated-cond -Wimplicit-function-declaration -Wimplicit-int -Wmisleading-indentation -Wpointer-arith -Wwrite-strings -Wimplicit-fallthrough=0 -Wmissing-noreturn -Wno-cast-function-type -Wno-constant-logical-operand -Wno-long-long -Wno-missing-field-initializers -Wno-overlength-strings -Wno-packed-bitfield-compat -Wno-parentheses-equality -Wno-self-assign -Wno-tautological-compare -Wno-unused-parameter -Wno-unused-value -Wsuggest-attribute=format -Wsuggest-attribute=noreturn -Wunused-variable  -fPIC -I/data/cool/projects/coinhub/rbsecp256k1/tmp/x86_64-linux/rbsecp256k1/2.7.2/ports/x86_64-linux-gnu/libsecp256k1/0.0.0/include  -fPIC -Werror -c conftest.c"
checked program was:
/* begin */
1: #include "ruby.h"
2: 
3: int main(int argc, char **argv)
4: {
5:   return !!argv[argc];
6: }
/* end */

--------------------

block in append_cflags: checking for whether -Wno-undef is accepted as CFLAGS... -------------------- yes

"gcc -I/home/user/.rvm/rubies/ruby-2.7.2/include/ruby-2.7.0/x86_64-linux -I/home/user/.rvm/rubies/ruby-2.7.2/include/ruby-2.7.0/ruby/backward -I/home/user/.rvm/rubies/ruby-2.7.2/include/ruby-2.7.0 -I../../../../ext/rbsecp256k1    -O3 -ggdb3 -Wall -Wextra -Wdeprecated-declarations -Wduplicated-cond -Wimplicit-function-declaration -Wimplicit-int -Wmisleading-indentation -Wpointer-arith -Wwrite-strings -Wimplicit-fallthrough=0 -Wmissing-noreturn -Wno-cast-function-type -Wno-constant-logical-operand -Wno-long-long -Wno-missing-field-initializers -Wno-overlength-strings -Wno-packed-bitfield-compat -Wno-parentheses-equality -Wno-self-assign -Wno-tautological-compare -Wno-unused-parameter -Wno-unused-value -Wsuggest-attribute=format -Wsuggest-attribute=noreturn -Wunused-variable  -fPIC -I/data/cool/projects/coinhub/rbsecp256k1/tmp/x86_64-linux/rbsecp256k1/2.7.2/ports/x86_64-linux-gnu/libsecp256k1/0.0.0/include -fPIC  -Wno-undef -Werror -c conftest.c"
checked program was:
/* begin */
1: #include "ruby.h"
2: 
3: int main(int argc, char **argv)
4: {
5:   return !!argv[argc];
6: }
/* end */

--------------------

block in append_cflags: checking for whether -Wall is accepted as CFLAGS... -------------------- yes

"gcc -I/home/user/.rvm/rubies/ruby-2.7.2/include/ruby-2.7.0/x86_64-linux -I/home/user/.rvm/rubies/ruby-2.7.2/include/ruby-2.7.0/ruby/backward -I/home/user/.rvm/rubies/ruby-2.7.2/include/ruby-2.7.0 -I../../../../ext/rbsecp256k1    -O3 -ggdb3 -Wall -Wextra -Wdeprecated-declarations -Wduplicated-cond -Wimplicit-function-declaration -Wimplicit-int -Wmisleading-indentation -Wpointer-arith -Wwrite-strings -Wimplicit-fallthrough=0 -Wmissing-noreturn -Wno-cast-function-type -Wno-constant-logical-operand -Wno-long-long -Wno-missing-field-initializers -Wno-overlength-strings -Wno-packed-bitfield-compat -Wno-parentheses-equality -Wno-self-assign -Wno-tautological-compare -Wno-unused-parameter -Wno-unused-value -Wsuggest-attribute=format -Wsuggest-attribute=noreturn -Wunused-variable  -fPIC -I/data/cool/projects/coinhub/rbsecp256k1/tmp/x86_64-linux/rbsecp256k1/2.7.2/ports/x86_64-linux-gnu/libsecp256k1/0.0.0/include -fPIC -Wno-undef  -Wall -Werror -c conftest.c"
checked program was:
/* begin */
1: #include "ruby.h"
2: 
3: int main(int argc, char **argv)
4: {
5:   return !!argv[argc];
6: }
/* end */

--------------------

block in append_ldflags: checking for whether -Wl,--no-as-needed is accepted as LDFLAGS... -------------------- yes

"gcc -o conftest -I/home/user/.rvm/rubies/ruby-2.7.2/include/ruby-2.7.0/x86_64-linux -I/home/user/.rvm/rubies/ruby-2.7.2/include/ruby-2.7.0/ruby/backward -I/home/user/.rvm/rubies/ruby-2.7.2/include/ruby-2.7.0 -I../../../../ext/rbsecp256k1    -O3 -ggdb3 -Wall -Wextra -Wdeprecated-declarations -Wduplicated-cond -Wimplicit-function-declaration -Wimplicit-int -Wmisleading-indentation -Wpointer-arith -Wwrite-strings -Wimplicit-fallthrough=0 -Wmissing-noreturn -Wno-cast-function-type -Wno-constant-logical-operand -Wno-long-long -Wno-missing-field-initializers -Wno-overlength-strings -Wno-packed-bitfield-compat -Wno-parentheses-equality -Wno-self-assign -Wno-tautological-compare -Wno-unused-parameter -Wno-unused-value -Wsuggest-attribute=format -Wsuggest-attribute=noreturn -Wunused-variable  -fPIC -I/data/cool/projects/coinhub/rbsecp256k1/tmp/x86_64-linux/rbsecp256k1/2.7.2/ports/x86_64-linux-gnu/libsecp256k1/0.0.0/include -fPIC -Wno-undef -Wall conftest.c  -L. -L/home/user/.rvm/rubies/ruby-2.7.2/lib -Wl,-rpath,/home/user/.rvm/rubies/ruby-2.7.2/lib -L. -fstack-protector-strong -rdynamic -Wl,-export-dynamic     -Wl,-rpath,/home/user/.rvm/rubies/ruby-2.7.2/lib -L/home/user/.rvm/rubies/ruby-2.7.2/lib -lruby -Wl,--no-as-needed -lm   -lc"
checked program was:
/* begin */
1: #include "ruby.h"
2: 
3: int main(int argc, char **argv)
4: {
5:   return !!argv[argc];
6: }
/* end */

--------------------

have_library: checking for -lsecp256k1... -------------------- yes

"gcc -o conftest -I/home/user/.rvm/rubies/ruby-2.7.2/include/ruby-2.7.0/x86_64-linux -I/home/user/.rvm/rubies/ruby-2.7.2/include/ruby-2.7.0/ruby/backward -I/home/user/.rvm/rubies/ruby-2.7.2/include/ruby-2.7.0 -I../../../../ext/rbsecp256k1    -O3 -ggdb3 -Wall -Wextra -Wdeprecated-declarations -Wduplicated-cond -Wimplicit-function-declaration -Wimplicit-int -Wmisleading-indentation -Wpointer-arith -Wwrite-strings -Wimplicit-fallthrough=0 -Wmissing-noreturn -Wno-cast-function-type -Wno-constant-logical-operand -Wno-long-long -Wno-missing-field-initializers -Wno-overlength-strings -Wno-packed-bitfield-compat -Wno-parentheses-equality -Wno-self-assign -Wno-tautological-compare -Wno-unused-parameter -Wno-unused-value -Wsuggest-attribute=format -Wsuggest-attribute=noreturn -Wunused-variable  -fPIC -I/data/cool/projects/coinhub/rbsecp256k1/tmp/x86_64-linux/rbsecp256k1/2.7.2/ports/x86_64-linux-gnu/libsecp256k1/0.0.0/include -fPIC -Wno-undef -Wall conftest.c  -L. -L/home/user/.rvm/rubies/ruby-2.7.2/lib -Wl,-rpath,/home/user/.rvm/rubies/ruby-2.7.2/lib -L/data/cool/projects/coinhub/rbsecp256k1/tmp/x86_64-linux/rbsecp256k1/2.7.2/ports/x86_64-linux-gnu/libsecp256k1/0.0.0/lib -Wl,-rpath,/data/cool/projects/coinhub/rbsecp256k1/tmp/x86_64-linux/rbsecp256k1/2.7.2/ports/x86_64-linux-gnu/libsecp256k1/0.0.0/lib -L. -fstack-protector-strong -rdynamic -Wl,-export-dynamic -Wl,--no-as-needed     -Wl,-rpath,/home/user/.rvm/rubies/ruby-2.7.2/lib -L/home/user/.rvm/rubies/ruby-2.7.2/lib -lruby -lsecp256k1  -lm   -lc"
checked program was:
/* begin */
 1: #include "ruby.h"
 2: 
 3: /*top*/
 4: extern int t(void);
 5: int main(int argc, char **argv)
 6: {
 7:   if (argc > 1000000) {
 8:     int (* volatile tp)(void)=(int (*)(void))&t;
 9:     printf("%d", (*tp)());
10:   }
11: 
12:   return !!argv[argc];
13: }
14: 
15: int t(void) { ; return 0; }
/* end */

--------------------

have_library: checking for -lgmp... -------------------- yes

"gcc -o conftest -I/home/user/.rvm/rubies/ruby-2.7.2/include/ruby-2.7.0/x86_64-linux -I/home/user/.rvm/rubies/ruby-2.7.2/include/ruby-2.7.0/ruby/backward -I/home/user/.rvm/rubies/ruby-2.7.2/include/ruby-2.7.0 -I../../../../ext/rbsecp256k1    -O3 -ggdb3 -Wall -Wextra -Wdeprecated-declarations -Wduplicated-cond -Wimplicit-function-declaration -Wimplicit-int -Wmisleading-indentation -Wpointer-arith -Wwrite-strings -Wimplicit-fallthrough=0 -Wmissing-noreturn -Wno-cast-function-type -Wno-constant-logical-operand -Wno-long-long -Wno-missing-field-initializers -Wno-overlength-strings -Wno-packed-bitfield-compat -Wno-parentheses-equality -Wno-self-assign -Wno-tautological-compare -Wno-unused-parameter -Wno-unused-value -Wsuggest-attribute=format -Wsuggest-attribute=noreturn -Wunused-variable  -fPIC -I/data/cool/projects/coinhub/rbsecp256k1/tmp/x86_64-linux/rbsecp256k1/2.7.2/ports/x86_64-linux-gnu/libsecp256k1/0.0.0/include -fPIC -Wno-undef -Wall conftest.c  -L. -L/home/user/.rvm/rubies/ruby-2.7.2/lib -Wl,-rpath,/home/user/.rvm/rubies/ruby-2.7.2/lib -L/data/cool/projects/coinhub/rbsecp256k1/tmp/x86_64-linux/rbsecp256k1/2.7.2/ports/x86_64-linux-gnu/libsecp256k1/0.0.0/lib -Wl,-rpath,/data/cool/projects/coinhub/rbsecp256k1/tmp/x86_64-linux/rbsecp256k1/2.7.2/ports/x86_64-linux-gnu/libsecp256k1/0.0.0/lib -L. -fstack-protector-strong -rdynamic -Wl,-export-dynamic -Wl,--no-as-needed    -lsecp256k1  -Wl,-rpath,/home/user/.rvm/rubies/ruby-2.7.2/lib -L/home/user/.rvm/rubies/ruby-2.7.2/lib -lruby -lgmp -lsecp256k1  -lm   -lc"
checked program was:
/* begin */
 1: #include "ruby.h"
 2: 
 3: /*top*/
 4: extern int t(void);
 5: int main(int argc, char **argv)
 6: {
 7:   if (argc > 1000000) {
 8:     int (* volatile tp)(void)=(int (*)(void))&t;
 9:     printf("%d", (*tp)());
10:   }
11: 
12:   return !!argv[argc];
13: }
14: 
15: int t(void) { ; return 0; }
/* end */

--------------------

have_header: checking for secp256k1_recovery.h... -------------------- yes

"gcc -E -I/home/user/.rvm/rubies/ruby-2.7.2/include/ruby-2.7.0/x86_64-linux -I/home/user/.rvm/rubies/ruby-2.7.2/include/ruby-2.7.0/ruby/backward -I/home/user/.rvm/rubies/ruby-2.7.2/include/ruby-2.7.0 -I../../../../ext/rbsecp256k1    -O3 -ggdb3 -Wall -Wextra -Wdeprecated-declarations -Wduplicated-cond -Wimplicit-function-declaration -Wimplicit-int -Wmisleading-indentation -Wpointer-arith -Wwrite-strings -Wimplicit-fallthrough=0 -Wmissing-noreturn -Wno-cast-function-type -Wno-constant-logical-operand -Wno-long-long -Wno-missing-field-initializers -Wno-overlength-strings -Wno-packed-bitfield-compat -Wno-parentheses-equality -Wno-self-assign -Wno-tautological-compare -Wno-unused-parameter -Wno-unused-value -Wsuggest-attribute=format -Wsuggest-attribute=noreturn -Wunused-variable  -fPIC -I/data/cool/projects/coinhub/rbsecp256k1/tmp/x86_64-linux/rbsecp256k1/2.7.2/ports/x86_64-linux-gnu/libsecp256k1/0.0.0/include -fPIC -Wno-undef -Wall  conftest.c -o conftest.i"
checked program was:
/* begin */
1: #include "ruby.h"
2: 
3: #include <secp256k1_recovery.h>
/* end */

--------------------

have_header: checking for secp256k1_ecdh.h... -------------------- yes

"gcc -E -I/home/user/.rvm/rubies/ruby-2.7.2/include/ruby-2.7.0/x86_64-linux -I/home/user/.rvm/rubies/ruby-2.7.2/include/ruby-2.7.0/ruby/backward -I/home/user/.rvm/rubies/ruby-2.7.2/include/ruby-2.7.0 -I../../../../ext/rbsecp256k1    -O3 -ggdb3 -Wall -Wextra -Wdeprecated-declarations -Wduplicated-cond -Wimplicit-function-declaration -Wimplicit-int -Wmisleading-indentation -Wpointer-arith -Wwrite-strings -Wimplicit-fallthrough=0 -Wmissing-noreturn -Wno-cast-function-type -Wno-constant-logical-operand -Wno-long-long -Wno-missing-field-initializers -Wno-overlength-strings -Wno-packed-bitfield-compat -Wno-parentheses-equality -Wno-self-assign -Wno-tautological-compare -Wno-unused-parameter -Wno-unused-value -Wsuggest-attribute=format -Wsuggest-attribute=noreturn -Wunused-variable  -fPIC -I/data/cool/projects/coinhub/rbsecp256k1/tmp/x86_64-linux/rbsecp256k1/2.7.2/ports/x86_64-linux-gnu/libsecp256k1/0.0.0/include -fPIC -Wno-undef -Wall  conftest.c -o conftest.i"
checked program was:
/* begin */
1: #include "ruby.h"
2: 
3: #include <secp256k1_ecdh.h>
/* end */

--------------------

