make[1]: Entering directory '/data/cool/projects/coinhub/rbsecp256k1/tmp/x86_64-linux/rbsecp256k1/2.7.2/tmp/x86_64-linux-gnu/ports/libsecp256k1/0.0.0/secp256k1-e34ceb333b1c0e6f4115ecbb80c632ac1042fa49'
 /usr/bin/mkdir -p '/data/cool/projects/coinhub/rbsecp256k1/tmp/x86_64-linux/rbsecp256k1/2.7.2/ports/x86_64-linux-gnu/libsecp256k1/0.0.0/lib'
 /bin/bash ./libtool   --mode=install /usr/bin/install -c   libsecp256k1.la '/data/cool/projects/coinhub/rbsecp256k1/tmp/x86_64-linux/rbsecp256k1/2.7.2/ports/x86_64-linux-gnu/libsecp256k1/0.0.0/lib'
libtool: install: /usr/bin/install -c .libs/libsecp256k1.lai /data/cool/projects/coinhub/rbsecp256k1/tmp/x86_64-linux/rbsecp256k1/2.7.2/ports/x86_64-linux-gnu/libsecp256k1/0.0.0/lib/libsecp256k1.la
libtool: install: /usr/bin/install -c .libs/libsecp256k1.a /data/cool/projects/coinhub/rbsecp256k1/tmp/x86_64-linux/rbsecp256k1/2.7.2/ports/x86_64-linux-gnu/libsecp256k1/0.0.0/lib/libsecp256k1.a
libtool: install: chmod 644 /data/cool/projects/coinhub/rbsecp256k1/tmp/x86_64-linux/rbsecp256k1/2.7.2/ports/x86_64-linux-gnu/libsecp256k1/0.0.0/lib/libsecp256k1.a
libtool: install: /usr/bin/x86_64-linux-gnu-ranlib /data/cool/projects/coinhub/rbsecp256k1/tmp/x86_64-linux/rbsecp256k1/2.7.2/ports/x86_64-linux-gnu/libsecp256k1/0.0.0/lib/libsecp256k1.a
libtool: finish: PATH="/home/user/.rvm/gems/ruby-2.7.2/bin:/home/user/.rvm/gems/ruby-2.7.2@global/bin:/home/user/.rvm/rubies/ruby-2.7.2/bin:/home/user/.rvm/bin:/home/user/.nvm/versions/node/v20.0.0/bin:/usr/local/sbin:/usr/local/bin:/usr/sbin:/usr/bin:/sbin:/bin:/usr/games:/usr/local/games:/snap/bin:/sbin" ldconfig -n /data/cool/projects/coinhub/rbsecp256k1/tmp/x86_64-linux/rbsecp256k1/2.7.2/ports/x86_64-linux-gnu/libsecp256k1/0.0.0/lib
----------------------------------------------------------------------
Libraries have been installed in:
   /data/cool/projects/coinhub/rbsecp256k1/tmp/x86_64-linux/rbsecp256k1/2.7.2/ports/x86_64-linux-gnu/libsecp256k1/0.0.0/lib

If you ever happen to want to link against installed libraries
in a given directory, LIBDIR, you must either use libtool, and
specify the full pathname of the library, or use the '-LLIBDIR'
flag during linking and do at least one of the following:
   - add LIBDIR to the 'LD_LIBRARY_PATH' environment variable
     during execution
   - add LIBDIR to the 'LD_RUN_PATH' environment variable
     during linking
   - use the '-Wl,-rpath -Wl,LIBDIR' linker flag
   - have your system administrator add LIBDIR to '/etc/ld.so.conf'

See any operating system documentation about shared libraries for
more information, such as the ld(1) and ld.so(8) manual pages.
----------------------------------------------------------------------
 /usr/bin/mkdir -p '/data/cool/projects/coinhub/rbsecp256k1/tmp/x86_64-linux/rbsecp256k1/2.7.2/ports/x86_64-linux-gnu/libsecp256k1/0.0.0/include'
 /usr/bin/install -c -m 644 include/secp256k1.h include/secp256k1_ecdh.h include/secp256k1_recovery.h '/data/cool/projects/coinhub/rbsecp256k1/tmp/x86_64-linux/rbsecp256k1/2.7.2/ports/x86_64-linux-gnu/libsecp256k1/0.0.0/include'
 /usr/bin/mkdir -p '/data/cool/projects/coinhub/rbsecp256k1/tmp/x86_64-linux/rbsecp256k1/2.7.2/ports/x86_64-linux-gnu/libsecp256k1/0.0.0/lib/pkgconfig'
 /usr/bin/install -c -m 644 libsecp256k1.pc '/data/cool/projects/coinhub/rbsecp256k1/tmp/x86_64-linux/rbsecp256k1/2.7.2/ports/x86_64-linux-gnu/libsecp256k1/0.0.0/lib/pkgconfig'
make[1]: Leaving directory '/data/cool/projects/coinhub/rbsecp256k1/tmp/x86_64-linux/rbsecp256k1/2.7.2/tmp/x86_64-linux-gnu/ports/libsecp256k1/0.0.0/secp256k1-e34ceb333b1c0e6f4115ecbb80c632ac1042fa49'
